1768280563.387732 client started (59279): version 3.6a, socket /private/tmp/tmux-501/one, protocol 8
1768280563.387771 on Darwin 24.3.0 Darwin Kernel Version 24.3.0: Thu Jan  2 20:24:16 PST 2025; root:xnu-11215.81.4~3/RELEASE_ARM64_T6000
1768280563.387782 using libevent 2.1.12-stable select
1768280563.388780 using utf8proc 2.11.3
1768280563.388794 using ncurses 6.5 20240427
1768280563.388817 flags are 0x10010000
1768280563.388824 socket is /private/tmp/tmux-501/one
1768280563.388845 trying connect
1768280563.388879 add peer 0x600002b140d0: 6 (0x0)
1768280563.390620 sending message 111 to peer 0x600002b140d0 (8 bytes)
1768280563.390638 sending message 111 to peer 0x600002b140d0 (8 bytes)
1768280563.390645 sending message 101 to peer 0x600002b140d0 (14 bytes)
1768280563.390652 sending message 109 to peer 0x600002b140d0 (4 bytes)
1768280563.390658 sending message 102 to peer 0x600002b140d0 (13 bytes)
1768280563.390665 sending message 108 to peer 0x600002b140d0 (47 bytes)
1768280563.390671 sending message 112 to peer 0x600002b140d0 (70 bytes)
1768280563.390677 sending message 112 to peer 0x600002b140d0 (5 bytes)
1768280563.390683 sending message 112 to peer 0x600002b140d0 (5 bytes)
1768280563.390689 sending message 112 to peer 0x600002b140d0 (6 bytes)
1768280563.390695 sending message 112 to peer 0x600002b140d0 (6 bytes)
1768280563.390700 sending message 112 to peer 0x600002b140d0 (11 bytes)
1768280563.390706 sending message 112 to peer 0x600002b140d0 (10 bytes)
1768280563.390712 sending message 112 to peer 0x600002b140d0 (13 bytes)
1768280563.390718 sending message 112 to peer 0x600002b140d0 (13 bytes)
1768280563.390724 sending message 112 to peer 0x600002b140d0 (18 bytes)
1768280563.390730 sending message 112 to peer 0x600002b140d0 (11 bytes)
1768280563.390736 sending message 112 to peer 0x600002b140d0 (10 bytes)
1768280563.390742 sending message 112 to peer 0x600002b140d0 (15 bytes)
1768280563.390748 sending message 112 to peer 0x600002b140d0 (21 bytes)
1768280563.390754 sending message 112 to peer 0x600002b140d0 (13 bytes)
1768280563.390760 sending message 112 to peer 0x600002b140d0 (7 bytes)
1768280563.390765 sending message 112 to peer 0x600002b140d0 (13 bytes)
1768280563.390771 sending message 112 to peer 0x600002b140d0 (7 bytes)
1768280563.390777 sending message 112 to peer 0x600002b140d0 (13 bytes)
1768280563.390783 sending message 112 to peer 0x600002b140d0 (9 bytes)
1768280563.390788 sending message 112 to peer 0x600002b140d0 (21 bytes)
1768280563.390794 sending message 112 to peer 0x600002b140d0 (13 bytes)
1768280563.390800 sending message 112 to peer 0x600002b140d0 (8 bytes)
1768280563.390806 sending message 112 to peer 0x600002b140d0 (12 bytes)
1768280563.390812 sending message 112 to peer 0x600002b140d0 (13 bytes)
1768280563.390817 sending message 112 to peer 0x600002b140d0 (9 bytes)
1768280563.390823 sending message 112 to peer 0x600002b140d0 (9 bytes)
1768280563.390829 sending message 112 to peer 0x600002b140d0 (12 bytes)
1768280563.390834 sending message 112 to peer 0x600002b140d0 (8 bytes)
1768280563.390840 sending message 112 to peer 0x600002b140d0 (8 bytes)
1768280563.390846 sending message 112 to peer 0x600002b140d0 (7 bytes)
1768280563.390852 sending message 112 to peer 0x600002b140d0 (7 bytes)
1768280563.390857 sending message 112 to peer 0x600002b140d0 (9 bytes)
1768280563.390863 sending message 112 to peer 0x600002b140d0 (13 bytes)
1768280563.390869 sending message 112 to peer 0x600002b140d0 (6 bytes)
1768280563.390875 sending message 112 to peer 0x600002b140d0 (9 bytes)
1768280563.390880 sending message 112 to peer 0x600002b140d0 (15 bytes)
1768280563.390886 sending message 112 to peer 0x600002b140d0 (13 bytes)
1768280563.390892 sending message 112 to peer 0x600002b140d0 (12 bytes)
1768280563.390898 sending message 112 to peer 0x600002b140d0 (8 bytes)
1768280563.390903 sending message 112 to peer 0x600002b140d0 (14 bytes)
1768280563.390909 sending message 112 to peer 0x600002b140d0 (11 bytes)
1768280563.390915 sending message 112 to peer 0x600002b140d0 (9 bytes)
1768280563.390921 sending message 112 to peer 0x600002b140d0 (10 bytes)
1768280563.390937 sending message 112 to peer 0x600002b140d0 (10 bytes)
1768280563.390941 sending message 112 to peer 0x600002b140d0 (10 bytes)
1768280563.390946 sending message 112 to peer 0x600002b140d0 (10 bytes)
1768280563.390951 sending message 112 to peer 0x600002b140d0 (11 bytes)
1768280563.390955 sending message 112 to peer 0x600002b140d0 (12 bytes)
1768280563.390959 sending message 112 to peer 0x600002b140d0 (12 bytes)
1768280563.390963 sending message 112 to peer 0x600002b140d0 (12 bytes)
1768280563.390968 sending message 112 to peer 0x600002b140d0 (12 bytes)
1768280563.390972 sending message 112 to peer 0x600002b140d0 (12 bytes)
1768280563.390976 sending message 112 to peer 0x600002b140d0 (11 bytes)
1768280563.390980 sending message 112 to peer 0x600002b140d0 (11 bytes)
1768280563.390985 sending message 112 to peer 0x600002b140d0 (12 bytes)
1768280563.390989 sending message 112 to peer 0x600002b140d0 (12 bytes)
1768280563.390993 sending message 112 to peer 0x600002b140d0 (12 bytes)
1768280563.390997 sending message 112 to peer 0x600002b140d0 (12 bytes)
1768280563.391002 sending message 112 to peer 0x600002b140d0 (12 bytes)
1768280563.391006 sending message 112 to peer 0x600002b140d0 (10 bytes)
1768280563.391010 sending message 112 to peer 0x600002b140d0 (12 bytes)
1768280563.391014 sending message 112 to peer 0x600002b140d0 (13 bytes)
1768280563.391019 sending message 112 to peer 0x600002b140d0 (13 bytes)
1768280563.391023 sending message 112 to peer 0x600002b140d0 (13 bytes)
1768280563.391028 sending message 112 to peer 0x600002b140d0 (13 bytes)
1768280563.391032 sending message 112 to peer 0x600002b140d0 (13 bytes)
1768280563.391036 sending message 112 to peer 0x600002b140d0 (8 bytes)
1768280563.391040 sending message 112 to peer 0x600002b140d0 (11 bytes)
1768280563.391045 sending message 112 to peer 0x600002b140d0 (11 bytes)
1768280563.391049 sending message 112 to peer 0x600002b140d0 (11 bytes)
1768280563.391054 sending message 112 to peer 0x600002b140d0 (12 bytes)
1768280563.391058 sending message 112 to peer 0x600002b140d0 (12 bytes)
1768280563.391063 sending message 112 to peer 0x600002b140d0 (12 bytes)
1768280563.391067 sending message 112 to peer 0x600002b140d0 (12 bytes)
1768280563.391071 sending message 112 to peer 0x600002b140d0 (13 bytes)
1768280563.391076 sending message 112 to peer 0x600002b140d0 (13 bytes)
1768280563.391080 sending message 112 to peer 0x600002b140d0 (13 bytes)
1768280563.391084 sending message 112 to peer 0x600002b140d0 (8 bytes)
1768280563.391089 sending message 112 to peer 0x600002b140d0 (13 bytes)
1768280563.391097 sending message 112 to peer 0x600002b140d0 (13 bytes)
1768280563.391104 sending message 112 to peer 0x600002b140d0 (13 bytes)
1768280563.391108 sending message 112 to peer 0x600002b140d0 (13 bytes)
1768280563.391113 sending message 112 to peer 0x600002b140d0 (13 bytes)
1768280563.391117 sending message 112 to peer 0x600002b140d0 (12 bytes)
1768280563.391122 sending message 112 to peer 0x600002b140d0 (12 bytes)
1768280563.391126 sending message 112 to peer 0x600002b140d0 (12 bytes)
1768280563.391130 sending message 112 to peer 0x600002b140d0 (12 bytes)
1768280563.391135 sending message 112 to peer 0x600002b140d0 (13 bytes)
1768280563.391139 sending message 112 to peer 0x600002b140d0 (8 bytes)
1768280563.391143 sending message 112 to peer 0x600002b140d0 (13 bytes)
1768280563.391148 sending message 112 to peer 0x600002b140d0 (13 bytes)
1768280563.391152 sending message 112 to peer 0x600002b140d0 (13 bytes)
1768280563.391157 sending message 112 to peer 0x600002b140d0 (13 bytes)
1768280563.391161 sending message 112 to peer 0x600002b140d0 (13 bytes)
1768280563.391165 sending message 112 to peer 0x600002b140d0 (13 bytes)
1768280563.391169 sending message 112 to peer 0x600002b140d0 (13 bytes)
1768280563.391174 sending message 112 to peer 0x600002b140d0 (12 bytes)
1768280563.391178 sending message 112 to peer 0x600002b140d0 (12 bytes)
1768280563.391182 sending message 112 to peer 0x600002b140d0 (12 bytes)
1768280563.391186 sending message 112 to peer 0x600002b140d0 (8 bytes)
1768280563.391199 sending message 112 to peer 0x600002b140d0 (12 bytes)
1768280563.391203 sending message 112 to peer 0x600002b140d0 (13 bytes)
1768280563.391208 sending message 112 to peer 0x600002b140d0 (13 bytes)
1768280563.391212 sending message 112 to peer 0x600002b140d0 (13 bytes)
1768280563.391216 sending message 112 to peer 0x600002b140d0 (13 bytes)
1768280563.391221 sending message 112 to peer 0x600002b140d0 (13 bytes)
1768280563.391225 sending message 112 to peer 0x600002b140d0 (13 bytes)
1768280563.391229 sending message 112 to peer 0x600002b140d0 (13 bytes)
1768280563.391233 sending message 112 to peer 0x600002b140d0 (13 bytes)
1768280563.391238 sending message 112 to peer 0x600002b140d0 (12 bytes)
1768280563.391242 sending message 112 to peer 0x600002b140d0 (10 bytes)
1768280563.391246 sending message 112 to peer 0x600002b140d0 (12 bytes)
1768280563.391250 sending message 112 to peer 0x600002b140d0 (12 bytes)
1768280563.391255 sending message 112 to peer 0x600002b140d0 (12 bytes)
1768280563.391259 sending message 112 to peer 0x600002b140d0 (13 bytes)
1768280563.391264 sending message 112 to peer 0x600002b140d0 (13 bytes)
1768280563.391269 sending message 112 to peer 0x600002b140d0 (13 bytes)
1768280563.391273 sending message 112 to peer 0x600002b140d0 (13 bytes)
1768280563.391277 sending message 112 to peer 0x600002b140d0 (13 bytes)
1768280563.391281 sending message 112 to peer 0x600002b140d0 (13 bytes)
1768280563.391286 sending message 112 to peer 0x600002b140d0 (13 bytes)
1768280563.391290 sending message 112 to peer 0x600002b140d0 (10 bytes)
1768280563.391294 sending message 112 to peer 0x600002b140d0 (13 bytes)
1768280563.391298 sending message 112 to peer 0x600002b140d0 (12 bytes)
1768280563.391303 sending message 112 to peer 0x600002b140d0 (12 bytes)
1768280563.391307 sending message 112 to peer 0x600002b140d0 (12 bytes)
1768280563.391311 sending message 112 to peer 0x600002b140d0 (10 bytes)
1768280563.391315 sending message 112 to peer 0x600002b140d0 (10 bytes)
1768280563.391320 sending message 112 to peer 0x600002b140d0 (10 bytes)
1768280563.391324 sending message 112 to peer 0x600002b140d0 (12 bytes)
1768280563.391328 sending message 112 to peer 0x600002b140d0 (13 bytes)
1768280563.391332 sending message 112 to peer 0x600002b140d0 (13 bytes)
1768280563.391337 sending message 112 to peer 0x600002b140d0 (13 bytes)
1768280563.391341 sending message 112 to peer 0x600002b140d0 (13 bytes)
1768280563.391345 sending message 112 to peer 0x600002b140d0 (13 bytes)
1768280563.391350 sending message 112 to peer 0x600002b140d0 (11 bytes)
1768280563.391354 sending message 112 to peer 0x600002b140d0 (11 bytes)
1768280563.391358 sending message 112 to peer 0x600002b140d0 (12 bytes)
1768280563.391363 sending message 112 to peer 0x600002b140d0 (12 bytes)
1768280563.391367 sending message 112 to peer 0x600002b140d0 (12 bytes)
1768280563.391372 sending message 112 to peer 0x600002b140d0 (12 bytes)
1768280563.391376 sending message 112 to peer 0x600002b140d0 (12 bytes)
1768280563.391380 sending message 112 to peer 0x600002b140d0 (11 bytes)
1768280563.391384 sending message 112 to peer 0x600002b140d0 (12 bytes)
1768280563.391389 sending message 112 to peer 0x600002b140d0 (12 bytes)
1768280563.391393 sending message 112 to peer 0x600002b140d0 (13 bytes)
1768280563.391398 sending message 112 to peer 0x600002b140d0 (13 bytes)
1768280563.391402 sending message 112 to peer 0x600002b140d0 (13 bytes)
1768280563.391406 sending message 112 to peer 0x600002b140d0 (13 bytes)
1768280563.391411 sending message 112 to peer 0x600002b140d0 (13 bytes)
1768280563.391415 sending message 112 to peer 0x600002b140d0 (10 bytes)
1768280563.391420 sending message 112 to peer 0x600002b140d0 (9 bytes)
1768280563.391424 sending message 112 to peer 0x600002b140d0 (12 bytes)
1768280563.391428 sending message 112 to peer 0x600002b140d0 (13 bytes)
1768280563.391433 sending message 112 to peer 0x600002b140d0 (13 bytes)
1768280563.391438 sending message 112 to peer 0x600002b140d0 (13 bytes)
1768280563.391442 sending message 112 to peer 0x600002b140d0 (13 bytes)
1768280563.391454 sending message 112 to peer 0x600002b140d0 (13 bytes)
1768280563.391459 sending message 112 to peer 0x600002b140d0 (9 bytes)
1768280563.391463 sending message 112 to peer 0x600002b140d0 (12 bytes)
1768280563.391468 sending message 112 to peer 0x600002b140d0 (13 bytes)
1768280563.391472 sending message 112 to peer 0x600002b140d0 (13 bytes)
1768280563.391477 sending message 112 to peer 0x600002b140d0 (13 bytes)
1768280563.391481 sending message 112 to peer 0x600002b140d0 (13 bytes)
1768280563.391485 sending message 112 to peer 0x600002b140d0 (13 bytes)
1768280563.391489 sending message 112 to peer 0x600002b140d0 (11 bytes)
1768280563.391494 sending message 112 to peer 0x600002b140d0 (12 bytes)
1768280563.391498 sending message 112 to peer 0x600002b140d0 (13 bytes)
1768280563.391503 sending message 112 to peer 0x600002b140d0 (13 bytes)
1768280563.391507 sending message 112 to peer 0x600002b140d0 (13 bytes)
1768280563.391511 sending message 112 to peer 0x600002b140d0 (13 bytes)
1768280563.391515 sending message 112 to peer 0x600002b140d0 (13 bytes)
1768280563.391520 sending message 112 to peer 0x600002b140d0 (11 bytes)
1768280563.391524 sending message 112 to peer 0x600002b140d0 (12 bytes)
1768280563.391528 sending message 112 to peer 0x600002b140d0 (12 bytes)
1768280563.391532 sending message 112 to peer 0x600002b140d0 (12 bytes)
1768280563.391536 sending message 112 to peer 0x600002b140d0 (12 bytes)
1768280563.391541 sending message 112 to peer 0x600002b140d0 (12 bytes)
1768280563.391545 sending message 112 to peer 0x600002b140d0 (21 bytes)
1768280563.391550 sending message 112 to peer 0x600002b140d0 (12 bytes)
1768280563.391555 sending message 112 to peer 0x600002b140d0 (9 bytes)
1768280563.391559 sending message 112 to peer 0x600002b140d0 (6 bytes)
1768280563.391563 sending message 112 to peer 0x600002b140d0 (13 bytes)
1768280563.391567 sending message 112 to peer 0x600002b140d0 (8 bytes)
1768280563.391572 sending message 112 to peer 0x600002b140d0 (15 bytes)
1768280563.391576 sending message 112 to peer 0x600002b140d0 (13 bytes)
1768280563.391580 sending message 112 to peer 0x600002b140d0 (9 bytes)
1768280563.391585 sending message 112 to peer 0x600002b140d0 (70 bytes)
1768280563.391589 sending message 112 to peer 0x600002b140d0 (69 bytes)
1768280563.391593 sending message 112 to peer 0x600002b140d0 (10 bytes)
1768280563.391598 sending message 112 to peer 0x600002b140d0 (10 bytes)
1768280563.391602 sending message 112 to peer 0x600002b140d0 (8 bytes)
1768280563.391606 sending message 112 to peer 0x600002b140d0 (15 bytes)
1768280563.391610 sending message 112 to peer 0x600002b140d0 (13 bytes)
1768280563.391615 sending message 112 to peer 0x600002b140d0 (10 bytes)
1768280563.391620 sending message 112 to peer 0x600002b140d0 (10 bytes)
1768280563.391624 sending message 112 to peer 0x600002b140d0 (17 bytes)
1768280563.391629 sending message 112 to peer 0x600002b140d0 (10 bytes)
1768280563.391633 sending message 112 to peer 0x600002b140d0 (13 bytes)
1768280563.391638 sending message 112 to peer 0x600002b140d0 (9 bytes)
1768280563.391642 sending message 112 to peer 0x600002b140d0 (5 bytes)
1768280563.391647 sending message 112 to peer 0x600002b140d0 (15 bytes)
1768280563.391654 sending message 104 to peer 0x600002b140d0 (0 bytes)
1768280563.391660 sending message 110 to peer 0x600002b140d0 (0 bytes)
1768280563.391665 sending message 107 to peer 0x600002b140d0 (4 bytes)
1768280563.391672 sending message 105 to peer 0x600002b140d0 (20 bytes)
1768280563.391677 sending message 105 to peer 0x600002b140d0 (22 bytes)
1768280563.391681 sending message 105 to peer 0x600002b140d0 (57 bytes)
1768280563.391685 sending message 105 to peer 0x600002b140d0 (75 bytes)
1768280563.391690 sending message 105 to peer 0x600002b140d0 (41 bytes)
1768280563.391694 sending message 105 to peer 0x600002b140d0 (19 bytes)
1768280563.391698 sending message 105 to peer 0x600002b140d0 (37 bytes)
1768280563.391703 sending message 105 to peer 0x600002b140d0 (30 bytes)
1768280563.391709 sending message 105 to peer 0x600002b140d0 (34 bytes)
1768280563.391728 sending message 105 to peer 0x600002b140d0 (60 bytes)
1768280563.391733 sending message 105 to peer 0x600002b140d0 (17 bytes)
1768280563.391737 sending message 105 to peer 0x600002b140d0 (15 bytes)
1768280563.391742 sending message 105 to peer 0x600002b140d0 (106 bytes)
1768280563.391746 sending message 105 to peer 0x600002b140d0 (54 bytes)
1768280563.391751 sending message 105 to peer 0x600002b140d0 (603 bytes)
1768280563.391755 sending message 105 to peer 0x600002b140d0 (51 bytes)
1768280563.391760 sending message 105 to peer 0x600002b140d0 (15 bytes)
1768280563.391764 sending message 105 to peer 0x600002b140d0 (8 bytes)
1768280563.391769 sending message 105 to peer 0x600002b140d0 (66 bytes)
1768280563.391773 sending message 105 to peer 0x600002b140d0 (38 bytes)
1768280563.391777 sending message 105 to peer 0x600002b140d0 (19 bytes)
1768280563.391782 sending message 105 to peer 0x600002b140d0 (19 bytes)
1768280563.391786 sending message 105 to peer 0x600002b140d0 (63 bytes)
1768280563.391790 sending message 105 to peer 0x600002b140d0 (18 bytes)
1768280563.391794 sending message 105 to peer 0x600002b140d0 (26 bytes)
1768280563.391799 sending message 105 to peer 0x600002b140d0 (57 bytes)
1768280563.391803 sending message 105 to peer 0x600002b140d0 (39 bytes)
1768280563.391807 sending message 105 to peer 0x600002b140d0 (13 bytes)
1768280563.391820 sending message 105 to peer 0x600002b140d0 (12 bytes)
1768280563.391824 sending message 105 to peer 0x600002b140d0 (98 bytes)
1768280563.391829 sending message 105 to peer 0x600002b140d0 (14 bytes)
1768280563.391833 sending message 105 to peer 0x600002b140d0 (19 bytes)
1768280563.391837 sending message 105 to peer 0x600002b140d0 (43 bytes)
1768280563.391842 sending message 105 to peer 0x600002b140d0 (32 bytes)
1768280563.391846 sending message 105 to peer 0x600002b140d0 (83 bytes)
1768280563.391851 sending message 105 to peer 0x600002b140d0 (32 bytes)
1768280563.391856 sending message 105 to peer 0x600002b140d0 (39 bytes)
1768280563.391860 sending message 105 to peer 0x600002b140d0 (18 bytes)
1768280563.391864 sending message 105 to peer 0x600002b140d0 (45 bytes)
1768280563.391869 sending message 105 to peer 0x600002b140d0 (27 bytes)
1768280563.391873 sending message 105 to peer 0x600002b140d0 (25 bytes)
1768280563.391877 sending message 105 to peer 0x600002b140d0 (15 bytes)
1768280563.391882 sending message 105 to peer 0x600002b140d0 (25 bytes)
1768280563.391886 sending message 106 to peer 0x600002b140d0 (0 bytes)
1768280563.391974 sending message 200 to peer 0x600002b140d0 (4 bytes)
1768280563.391984 client loop enter
1768280563.392239 peer 0x600002b140d0 message 303
1768280563.392263 open write file 2 -
1768280563.392290 sending message 305 to peer 0x600002b140d0 (8 bytes)
1768280563.392308 write check file 2
1768280563.392362 peer 0x600002b140d0 message 304
1768280563.392372 write 58 to file 2
1768280563.392378 peer 0x600002b140d0 message 203
1768280563.392383 file 2 58 bytes left
1768280563.392400 write check file 2
1768280563.392405 client loop exit
